{"/Users/harrymoore/Projects2022/FP_GooglePagetwo/server/app.js": {"path":"/Users/harrymoore/Projects2022/FP_GooglePagetwo/server/app.js","statementMap":{"0":{"start":{"line":1,"column":16},"end":{"line":1,"column":34}},"1":{"start":{"line":2,"column":22},"end":{"line":2,"column":39}},"2":{"start":{"line":3,"column":12},"end":{"line":3,"column":21}},"3":{"start":{"line":4,"column":19},"end":{"line":4,"column":41}},"4":{"start":{"line":5,"column":13},"end":{"line":5,"column":28}},"5":{"start":{"line":6,"column":11},"end":{"line":6,"column":26}},"6":{"start":{"line":7,"column":0},"end":{"line":7,"column":27}},"7":{"start":{"line":8,"column":0},"end":{"line":8,"column":16}},"8":{"start":{"line":11,"column":0},"end":{"line":11,"column":56}},"9":{"start":{"line":12,"column":0},"end":{"line":12,"column":59}},"10":{"start":{"line":14,"column":0},"end":{"line":15,"column":50}},"11":{"start":{"line":15,"column":0},"end":{"line":15,"column":48}},"12":{"start":{"line":17,"column":0},"end":{"line":19,"column":2}},"13":{"start":{"line":18,"column":4},"end":{"line":18,"column":42}},"14":{"start":{"line":47,"column":0},"end":{"line":54,"column":3}},"15":{"start":{"line":48,"column":4},"end":{"line":53,"column":5}},"16":{"start":{"line":49,"column":8},"end":{"line":49,"column":58}},"17":{"start":{"line":52,"column":8},"end":{"line":52,"column":47}},"18":{"start":{"line":59,"column":0},"end":{"line":61,"column":2}},"19":{"start":{"line":60,"column":4},"end":{"line":60,"column":28}},"20":{"start":{"line":64,"column":0},"end":{"line":66,"column":3}}},"fnMap":{"0":{"name":"(anonymous_0)","decl":{"start":{"line":14,"column":13},"end":{"line":14,"column":14}},"loc":{"start":{"line":15,"column":0},"end":{"line":15,"column":48}},"line":15},"1":{"name":"(anonymous_1)","decl":{"start":{"line":17,"column":14},"end":{"line":17,"column":15}},"loc":{"start":{"line":17,"column":27},"end":{"line":19,"column":1}},"line":17},"2":{"name":"(anonymous_2)","decl":{"start":{"line":47,"column":19},"end":{"line":47,"column":20}},"loc":{"start":{"line":47,"column":38},"end":{"line":54,"column":1}},"line":47},"3":{"name":"(anonymous_3)","decl":{"start":{"line":59,"column":16},"end":{"line":59,"column":17}},"loc":{"start":{"line":59,"column":29},"end":{"line":61,"column":1}},"line":59}},"branchMap":{},"s":{"0":1,"1":1,"2":1,"3":1,"4":1,"5":1,"6":1,"7":1,"8":1,"9":1,"10":1,"11":0,"12":1,"13":1,"14":1,"15":2,"16":2,"17":0,"18":1,"19":1,"20":1},"f":{"0":0,"1":1,"2":2,"3":1},"b":{},"_coverageSchema":"1a1c01bbd47fc00a2c39e90264f33305004495a9","hash":"d260a298bc3b6d293ec309da75ccefae01594345"}
,"/Users/harrymoore/Projects2022/FP_GooglePagetwo/server/data.js": {"path":"/Users/harrymoore/Projects2022/FP_GooglePagetwo/server/data.js","statementMap":{"0":{"start":{"line":3,"column":0},"end":{"line":15,"column":64}},"1":{"start":{"line":16,"column":0},"end":{"line":16,"column":31}}},"fnMap":{},"branchMap":{},"s":{"0":1,"1":1},"f":{},"b":{},"_coverageSchema":"1a1c01bbd47fc00a2c39e90264f33305004495a9","hash":"16024dcfea505d3d3dd8a76d1c240919a1fff6f6"}
}
